<?xml version="1.0" encoding="UTF-8"?>
<!-- Generated by org.testng.reporters.JUnitXMLReporter -->
<testsuite hostname="RJ-yuchao" name="Default test" tests="2" failures="0" timestamp="11 Aug 2015 09:56:18 GMT" time="0.023" errors="0">
  <testcase name="empTest" time="0.008" classname="org.demo.testng.dataprovider.TestDataProviderParametersObject"/>
  <testcase name="empTest" time="0.001" classname="org.demo.testng.dataprovider.TestDataProviderParametersObject"/>
</testsuite> <!-- Default test -->
