<?xml version="1.0" encoding="UTF-8"?>
<testng-results skipped="0" failed="0" total="2" passed="2">
  <reporter-output>
  </reporter-output>
  <suite name="Default suite" duration-ms="23" started-at="2015-08-11T09:56:18Z" finished-at="2015-08-11T09:56:18Z">
    <groups>
    </groups>
    <test name="Default test" duration-ms="23" started-at="2015-08-11T09:56:18Z" finished-at="2015-08-11T09:56:18Z">
      <class name="org.demo.testng.dataprovider.TestDataProviderParametersObject">
        <test-method status="PASS" signature="empTest(org.demo.testng.Employee)[pri:0, instance:org.demo.testng.dataprovider.TestDataProviderParametersObject@403d0d64]" name="empTest" duration-ms="8" started-at="2015-08-11T17:56:18Z" data-provider="employeeData" finished-at="2015-08-11T17:56:18Z">
          <params>
            <param index="0">
              <value>
                <![CDATA[Employee: Joe]]>
              </value>
            </param>
          </params>
          <reporter-output>
          </reporter-output>
        </test-method> <!-- empTest -->
        <test-method status="PASS" signature="empTest(org.demo.testng.Employee)[pri:0, instance:org.demo.testng.dataprovider.TestDataProviderParametersObject@403d0d64]" name="empTest" duration-ms="1" started-at="2015-08-11T17:56:18Z" data-provider="employeeData" finished-at="2015-08-11T17:56:18Z">
          <params>
            <param index="0">
              <value>
                <![CDATA[Employee: Sam]]>
              </value>
            </param>
          </params>
          <reporter-output>
          </reporter-output>
        </test-method> <!-- empTest -->
      </class> <!-- org.demo.testng.dataprovider.TestDataProviderParametersObject -->
    </test> <!-- Default test -->
  </suite> <!-- Default suite -->
</testng-results>
